#! /usr/local/Cellar/icarus-verilog/11.0/bin/vvp
:ivl_version "11.0 (stable)";
:ivl_delay_selection "TYPICAL";
:vpi_time_precision + 0;
:vpi_module "/usr/local/Cellar/icarus-verilog/11.0/lib/ivl/system.vpi";
:vpi_module "/usr/local/Cellar/icarus-verilog/11.0/lib/ivl/vhdl_sys.vpi";
:vpi_module "/usr/local/Cellar/icarus-verilog/11.0/lib/ivl/vhdl_textio.vpi";
:vpi_module "/usr/local/Cellar/icarus-verilog/11.0/lib/ivl/v2005_math.vpi";
:vpi_module "/usr/local/Cellar/icarus-verilog/11.0/lib/ivl/va_math.vpi";
S_0x7fb4c6f07560 .scope module, "LCD_CTRL" "LCD_CTRL" 2 1;
 .timescale 0 0;
    .port_info 0 /INPUT 1 "clk";
    .port_info 1 /INPUT 1 "reset";
    .port_info 2 /INPUT 8 "datain";
    .port_info 3 /INPUT 3 "cmd";
    .port_info 4 /INPUT 1 "cmd_valid";
    .port_info 5 /OUTPUT 8 "dataout";
    .port_info 6 /OUTPUT 1 "output_valid";
    .port_info 7 /OUTPUT 1 "busy";
P_0x7fb4c6f076d0 .param/l "Load_Data" 0 2 30, C4<000>;
P_0x7fb4c6f07710 .param/l "PROCESS" 0 2 27, C4<1>;
P_0x7fb4c6f07750 .param/l "Reflash" 0 2 37, C4<111>;
P_0x7fb4c6f07790 .param/l "Shift_Down" 0 2 36, C4<110>;
P_0x7fb4c6f077d0 .param/l "Shift_Left" 0 2 34, C4<100>;
P_0x7fb4c6f07810 .param/l "Shift_Right" 0 2 33, C4<011>;
P_0x7fb4c6f07850 .param/l "Shift_Up" 0 2 35, C4<101>;
P_0x7fb4c6f07890 .param/l "WAIT_CMD" 0 2 26, C4<0>;
P_0x7fb4c6f078d0 .param/l "Zoom_fit" 0 2 32, C4<010>;
P_0x7fb4c6f07910 .param/l "Zoom_in" 0 2 31, C4<001>;
P_0x7fb4c6f07950 .param/l "zoom_fit" 0 2 19, C4<0>;
P_0x7fb4c6f07990 .param/l "zoom_in" 0 2 20, C4<1>;
v0x7fb4c6f07f20_0 .var "L", 3 0;
v0x7fb4c6f17fd0_0 .var "L_t", 3 0;
v0x7fb4c6f18080_0 .var "W", 3 0;
v0x7fb4c6f18140_0 .var "W_t", 3 0;
v0x7fb4c6f181f0_0 .var "busy", 0 0;
o0x7fb4c6a320f8 .functor BUFZ 1, C4<z>; HiZ drive
v0x7fb4c6f182d0_0 .net "clk", 0 0, o0x7fb4c6a320f8;  0 drivers
o0x7fb4c6a32128 .functor BUFZ 3, C4<zzz>; HiZ drive
v0x7fb4c6f18370_0 .net "cmd", 2 0, o0x7fb4c6a32128;  0 drivers
v0x7fb4c6f18420_0 .var "cmd_reg", 2 0;
o0x7fb4c6a32188 .functor BUFZ 1, C4<z>; HiZ drive
v0x7fb4c6f184d0_0 .net "cmd_valid", 0 0, o0x7fb4c6a32188;  0 drivers
v0x7fb4c6f185e0_0 .var "cur_state", 0 0;
o0x7fb4c6a321e8 .functor BUFZ 8, C4<zzzzzzzz>; HiZ drive
v0x7fb4c6f18670_0 .net "datain", 7 0, o0x7fb4c6a321e8;  0 drivers
v0x7fb4c6f18720_0 .var "dataout", 7 0;
v0x7fb4c6f187d0 .array "img_buff", 107 0, 7 0;
v0x7fb4c6f18870_0 .var "img_counter", 7 0;
v0x7fb4c6f18920_0 .var "mode", 0 0;
v0x7fb4c6f189c0_0 .var "next_state", 0 0;
v0x7fb4c6f18a60_0 .var "out_pos", 7 0;
v0x7fb4c6f18bf0_0 .var "output_valid", 0 0;
o0x7fb4c6a32338 .functor BUFZ 1, C4<z>; HiZ drive
v0x7fb4c6f18c80_0 .net "reset", 0 0, o0x7fb4c6a32338;  0 drivers
E_0x7fb4c6f07e20 .event posedge, v0x7fb4c6f18c80_0, v0x7fb4c6f182d0_0;
E_0x7fb4c6f07e70/0 .event edge, v0x7fb4c6f18920_0, v0x7fb4c6f18870_0, v0x7fb4c6f07f20_0, v0x7fb4c6f18080_0;
E_0x7fb4c6f07e70/1 .event edge, v0x7fb4c6f18140_0, v0x7fb4c6f17fd0_0;
E_0x7fb4c6f07e70 .event/or E_0x7fb4c6f07e70/0, E_0x7fb4c6f07e70/1;
E_0x7fb4c6f07ed0 .event edge, v0x7fb4c6f185e0_0, v0x7fb4c6f184d0_0, v0x7fb4c6f18420_0, v0x7fb4c6f18870_0;
    .scope S_0x7fb4c6f07560;
T_0 ;
    %wait E_0x7fb4c6f07ed0;
    %load/vec4 v0x7fb4c6f185e0_0;
    %dup/vec4;
    %pushi/vec4 0, 0, 1;
    %cmp/u;
    %jmp/1 T_0.0, 6;
    %dup/vec4;
    %pushi/vec4 1, 0, 1;
    %cmp/u;
    %jmp/1 T_0.1, 6;
    %jmp T_0.2;
T_0.0 ;
    %load/vec4 v0x7fb4c6f184d0_0;
    %flag_set/vec4 8;
    %jmp/0xz  T_0.3, 8;
    %pushi/vec4 1, 0, 1;
    %store/vec4 v0x7fb4c6f189c0_0, 0, 1;
    %jmp T_0.4;
T_0.3 ;
    %pushi/vec4 0, 0, 1;
    %store/vec4 v0x7fb4c6f189c0_0, 0, 1;
T_0.4 ;
    %jmp T_0.2;
T_0.1 ;
    %load/vec4 v0x7fb4c6f18420_0;
    %pushi/vec4 7, 0, 3;
    %cmp/e;
    %flag_get/vec4 4;
    %load/vec4 v0x7fb4c6f18870_0;
    %parti/s 4, 4, 4;
    %pushi/vec4 3, 0, 4;
    %cmp/e;
    %flag_get/vec4 4;
    %and;
    %load/vec4 v0x7fb4c6f18870_0;
    %parti/s 4, 0, 2;
    %pushi/vec4 3, 0, 4;
    %cmp/e;
    %flag_get/vec4 4;
    %and;
    %flag_set/vec4 8;
    %jmp/0xz  T_0.5, 8;
    %pushi/vec4 0, 0, 1;
    %store/vec4 v0x7fb4c6f189c0_0, 0, 1;
    %jmp T_0.6;
T_0.5 ;
    %pushi/vec4 1, 0, 1;
    %store/vec4 v0x7fb4c6f189c0_0, 0, 1;
T_0.6 ;
    %jmp T_0.2;
T_0.2 ;
    %pop/vec4 1;
    %jmp T_0;
    .thread T_0, $push;
    .scope S_0x7fb4c6f07560;
T_1 ;
    %wait E_0x7fb4c6f07e20;
    %load/vec4 v0x7fb4c6f18c80_0;
    %flag_set/vec4 8;
    %jmp/0xz  T_1.0, 8;
    %pushi/vec4 0, 0, 1;
    %assign/vec4 v0x7fb4c6f185e0_0, 0;
    %jmp T_1.1;
T_1.0 ;
    %load/vec4 v0x7fb4c6f189c0_0;
    %assign/vec4 v0x7fb4c6f185e0_0, 0;
T_1.1 ;
    %jmp T_1;
    .thread T_1;
    .scope S_0x7fb4c6f07560;
T_2 ;
    %wait E_0x7fb4c6f07e70;
    %load/vec4 v0x7fb4c6f18920_0;
    %cmpi/e 0, 0, 1;
    %jmp/0xz  T_2.0, 4;
    %load/vec4 v0x7fb4c6f18870_0;
    %parti/s 4, 4, 4;
    %pad/u 8;
    %ix/load 4, 4, 0;
    %flag_set/imm 4, 0;
    %shiftl 4;
    %load/vec4 v0x7fb4c6f18870_0;
    %parti/s 4, 4, 4;
    %pad/u 8;
    %ix/load 4, 3, 0;
    %flag_set/imm 4, 0;
    %shiftl 4;
    %add;
    %load/vec4 v0x7fb4c6f18870_0;
    %parti/s 4, 0, 2;
    %pad/u 8;
    %ix/load 4, 2, 0;
    %flag_set/imm 4, 0;
    %shiftl 4;
    %load/vec4 v0x7fb4c6f18870_0;
    %parti/s 4, 0, 2;
    %pad/u 8;
    %sub;
    %addi 13, 0, 8;
    %add;
    %store/vec4 v0x7fb4c6f18a60_0, 0, 8;
    %jmp T_2.1;
T_2.0 ;
    %load/vec4 v0x7fb4c6f07f20_0;
    %load/vec4 v0x7fb4c6f18870_0;
    %parti/s 4, 0, 2;
    %add;
    %subi 2, 0, 4;
    %store/vec4 v0x7fb4c6f17fd0_0, 0, 4;
    %load/vec4 v0x7fb4c6f18080_0;
    %load/vec4 v0x7fb4c6f18870_0;
    %parti/s 4, 4, 4;
    %add;
    %subi 2, 0, 4;
    %store/vec4 v0x7fb4c6f18140_0, 0, 4;
    %load/vec4 v0x7fb4c6f18140_0;
    %pad/u 8;
    %ix/load 4, 3, 0;
    %flag_set/imm 4, 0;
    %shiftl 4;
    %load/vec4 v0x7fb4c6f18140_0;
    %pad/u 8;
    %ix/load 4, 2, 0;
    %flag_set/imm 4, 0;
    %shiftl 4;
    %add;
    %load/vec4 v0x7fb4c6f17fd0_0;
    %pad/u 8;
    %add;
    %store/vec4 v0x7fb4c6f18a60_0, 0, 8;
T_2.1 ;
    %jmp T_2;
    .thread T_2, $push;
    .scope S_0x7fb4c6f07560;
T_3 ;
    %wait E_0x7fb4c6f07e20;
    %load/vec4 v0x7fb4c6f18c80_0;
    %flag_set/vec4 8;
    %jmp/0xz  T_3.0, 8;
    %pushi/vec4 0, 0, 1;
    %assign/vec4 v0x7fb4c6f181f0_0, 0;
    %pushi/vec4 7, 0, 3;
    %assign/vec4 v0x7fb4c6f18420_0, 0;
    %pushi/vec4 6, 0, 4;
    %assign/vec4 v0x7fb4c6f07f20_0, 0;
    %pushi/vec4 5, 0, 4;
    %assign/vec4 v0x7fb4c6f18080_0, 0;
    %pushi/vec4 0, 0, 8;
    %assign/vec4 v0x7fb4c6f18720_0, 0;
    %pushi/vec4 0, 0, 1;
    %assign/vec4 v0x7fb4c6f18bf0_0, 0;
    %pushi/vec4 0, 0, 8;
    %assign/vec4 v0x7fb4c6f18870_0, 0;
    %jmp T_3.1;
T_3.0 ;
    %load/vec4 v0x7fb4c6f185e0_0;
    %dup/vec4;
    %pushi/vec4 0, 0, 1;
    %cmp/u;
    %jmp/1 T_3.2, 6;
    %dup/vec4;
    %pushi/vec4 1, 0, 1;
    %cmp/u;
    %jmp/1 T_3.3, 6;
    %jmp T_3.4;
T_3.2 ;
    %load/vec4 v0x7fb4c6f184d0_0;
    %flag_set/vec4 8;
    %jmp/0xz  T_3.5, 8;
    %load/vec4 v0x7fb4c6f18370_0;
    %assign/vec4 v0x7fb4c6f18420_0, 0;
    %pushi/vec4 1, 0, 1;
    %assign/vec4 v0x7fb4c6f181f0_0, 0;
T_3.5 ;
    %pushi/vec4 0, 0, 8;
    %assign/vec4 v0x7fb4c6f18870_0, 0;
    %pushi/vec4 0, 0, 1;
    %assign/vec4 v0x7fb4c6f18bf0_0, 0;
    %jmp T_3.4;
T_3.3 ;
    %load/vec4 v0x7fb4c6f18420_0;
    %dup/vec4;
    %pushi/vec4 7, 0, 3;
    %cmp/u;
    %jmp/1 T_3.7, 6;
    %dup/vec4;
    %pushi/vec4 0, 0, 3;
    %cmp/u;
    %jmp/1 T_3.8, 6;
    %dup/vec4;
    %pushi/vec4 1, 0, 3;
    %cmp/u;
    %jmp/1 T_3.9, 6;
    %dup/vec4;
    %pushi/vec4 2, 0, 3;
    %cmp/u;
    %jmp/1 T_3.10, 6;
    %dup/vec4;
    %pushi/vec4 3, 0, 3;
    %cmp/u;
    %jmp/1 T_3.11, 6;
    %dup/vec4;
    %pushi/vec4 4, 0, 3;
    %cmp/u;
    %jmp/1 T_3.12, 6;
    %dup/vec4;
    %pushi/vec4 5, 0, 3;
    %cmp/u;
    %jmp/1 T_3.13, 6;
    %dup/vec4;
    %pushi/vec4 6, 0, 3;
    %cmp/u;
    %jmp/1 T_3.14, 6;
    %jmp T_3.15;
T_3.7 ;
    %ix/getv 4, v0x7fb4c6f18a60_0;
    %load/vec4a v0x7fb4c6f187d0, 4;
    %assign/vec4 v0x7fb4c6f18720_0, 0;
    %load/vec4 v0x7fb4c6f18870_0;
    %parti/s 4, 0, 2;
    %cmpi/e 3, 0, 4;
    %jmp/0xz  T_3.16, 4;
    %pushi/vec4 0, 0, 4;
    %ix/load 4, 0, 0;
    %ix/load 5, 0, 0;
    %flag_set/imm 4, 0;
    %assign/vec4/off/d v0x7fb4c6f18870_0, 4, 5;
    %load/vec4 v0x7fb4c6f18870_0;
    %parti/s 4, 4, 4;
    %addi 1, 0, 4;
    %ix/load 4, 4, 0;
    %ix/load 5, 0, 0;
    %flag_set/imm 4, 0;
    %assign/vec4/off/d v0x7fb4c6f18870_0, 4, 5;
    %jmp T_3.17;
T_3.16 ;
    %load/vec4 v0x7fb4c6f18870_0;
    %addi 1, 0, 8;
    %assign/vec4 v0x7fb4c6f18870_0, 0;
T_3.17 ;
    %load/vec4 v0x7fb4c6f18870_0;
    %parti/s 4, 4, 4;
    %pushi/vec4 3, 0, 4;
    %cmp/e;
    %flag_get/vec4 4;
    %load/vec4 v0x7fb4c6f18870_0;
    %parti/s 4, 0, 2;
    %pushi/vec4 3, 0, 4;
    %cmp/e;
    %flag_get/vec4 4;
    %and;
    %flag_set/vec4 8;
    %jmp/0xz  T_3.18, 8;
    %pushi/vec4 0, 0, 1;
    %assign/vec4 v0x7fb4c6f181f0_0, 0;
T_3.18 ;
    %pushi/vec4 1, 0, 1;
    %assign/vec4 v0x7fb4c6f18bf0_0, 0;
    %jmp T_3.15;
T_3.8 ;
    %load/vec4 v0x7fb4c6f18870_0;
    %cmpi/e 107, 0, 8;
    %jmp/0xz  T_3.20, 4;
    %pushi/vec4 7, 0, 3;
    %assign/vec4 v0x7fb4c6f18420_0, 0;
    %pushi/vec4 0, 0, 1;
    %assign/vec4 v0x7fb4c6f18920_0, 0;
    %pushi/vec4 0, 0, 8;
    %assign/vec4 v0x7fb4c6f18870_0, 0;
    %jmp T_3.21;
T_3.20 ;
    %load/vec4 v0x7fb4c6f18870_0;
    %addi 1, 0, 8;
    %assign/vec4 v0x7fb4c6f18870_0, 0;
T_3.21 ;
    %load/vec4 v0x7fb4c6f18670_0;
    %ix/getv 3, v0x7fb4c6f18870_0;
    %ix/load 4, 0, 0; Constant delay
    %assign/vec4/a/d v0x7fb4c6f187d0, 0, 4;
    %jmp T_3.15;
T_3.9 ;
    %load/vec4 v0x7fb4c6f18920_0;
    %cmpi/e 0, 0, 1;
    %jmp/0xz  T_3.22, 4;
    %pushi/vec4 1, 0, 1;
    %assign/vec4 v0x7fb4c6f18920_0, 0;
    %pushi/vec4 6, 0, 4;
    %assign/vec4 v0x7fb4c6f07f20_0, 0;
    %pushi/vec4 5, 0, 4;
    %assign/vec4 v0x7fb4c6f18080_0, 0;
T_3.22 ;
    %pushi/vec4 7, 0, 3;
    %assign/vec4 v0x7fb4c6f18420_0, 0;
    %jmp T_3.15;
T_3.10 ;
    %load/vec4 v0x7fb4c6f18920_0;
    %cmpi/e 1, 0, 1;
    %jmp/0xz  T_3.24, 4;
    %pushi/vec4 0, 0, 1;
    %assign/vec4 v0x7fb4c6f18920_0, 0;
T_3.24 ;
    %pushi/vec4 7, 0, 3;
    %assign/vec4 v0x7fb4c6f18420_0, 0;
    %jmp T_3.15;
T_3.11 ;
    %load/vec4 v0x7fb4c6f07f20_0;
    %cmpi/u 10, 0, 4;
    %flag_inv 5; GE is !LT
    %jmp/0xz  T_3.26, 5;
    %load/vec4 v0x7fb4c6f07f20_0;
    %assign/vec4 v0x7fb4c6f07f20_0, 0;
    %jmp T_3.27;
T_3.26 ;
    %load/vec4 v0x7fb4c6f07f20_0;
    %addi 1, 0, 4;
    %assign/vec4 v0x7fb4c6f07f20_0, 0;
T_3.27 ;
    %pushi/vec4 7, 0, 3;
    %assign/vec4 v0x7fb4c6f18420_0, 0;
    %jmp T_3.15;
T_3.12 ;
    %load/vec4 v0x7fb4c6f07f20_0;
    %cmpi/u 2, 0, 4;
    %flag_or 5, 4;
    %jmp/0xz  T_3.28, 5;
    %load/vec4 v0x7fb4c6f07f20_0;
    %assign/vec4 v0x7fb4c6f07f20_0, 0;
    %jmp T_3.29;
T_3.28 ;
    %load/vec4 v0x7fb4c6f07f20_0;
    %subi 1, 0, 4;
    %assign/vec4 v0x7fb4c6f07f20_0, 0;
T_3.29 ;
    %pushi/vec4 7, 0, 3;
    %assign/vec4 v0x7fb4c6f18420_0, 0;
    %jmp T_3.15;
T_3.13 ;
    %load/vec4 v0x7fb4c6f18080_0;
    %cmpi/u 2, 0, 4;
    %flag_or 5, 4;
    %jmp/0xz  T_3.30, 5;
    %load/vec4 v0x7fb4c6f18080_0;
    %assign/vec4 v0x7fb4c6f18080_0, 0;
    %jmp T_3.31;
T_3.30 ;
    %load/vec4 v0x7fb4c6f18080_0;
    %subi 1, 0, 4;
    %assign/vec4 v0x7fb4c6f18080_0, 0;
T_3.31 ;
    %pushi/vec4 7, 0, 3;
    %assign/vec4 v0x7fb4c6f18420_0, 0;
    %jmp T_3.15;
T_3.14 ;
    %load/vec4 v0x7fb4c6f18080_0;
    %cmpi/u 7, 0, 4;
    %flag_inv 5; GE is !LT
    %jmp/0xz  T_3.32, 5;
    %load/vec4 v0x7fb4c6f18080_0;
    %assign/vec4 v0x7fb4c6f18080_0, 0;
    %jmp T_3.33;
T_3.32 ;
    %load/vec4 v0x7fb4c6f18080_0;
    %addi 1, 0, 4;
    %assign/vec4 v0x7fb4c6f18080_0, 0;
T_3.33 ;
    %pushi/vec4 7, 0, 3;
    %assign/vec4 v0x7fb4c6f18420_0, 0;
    %jmp T_3.15;
T_3.15 ;
    %pop/vec4 1;
    %jmp T_3.4;
T_3.4 ;
    %pop/vec4 1;
T_3.1 ;
    %jmp T_3;
    .thread T_3;
# The file index is used to find the file name in the following table.
:file_names 3;
    "N/A";
    "<interactive>";
    "lcd_ctrl.v";
