#! /usr/local/Cellar/icarus-verilog/11.0/bin/vvp
:ivl_version "11.0 (stable)";
:ivl_delay_selection "TYPICAL";
:vpi_time_precision - 11;
:vpi_module "/usr/local/Cellar/icarus-verilog/11.0/lib/ivl/system.vpi";
:vpi_module "/usr/local/Cellar/icarus-verilog/11.0/lib/ivl/vhdl_sys.vpi";
:vpi_module "/usr/local/Cellar/icarus-verilog/11.0/lib/ivl/vhdl_textio.vpi";
:vpi_module "/usr/local/Cellar/icarus-verilog/11.0/lib/ivl/v2005_math.vpi";
:vpi_module "/usr/local/Cellar/icarus-verilog/11.0/lib/ivl/va_math.vpi";
S_0x7f8a529109d0 .scope module, "tb" "tb" 2 9;
 .timescale -9 -11;
P_0x7f8a52910b40 .param/l "CMD_N_PAT" 0 2 11, +C4<00000000000000000000000000010110>;
P_0x7f8a52910b80 .param/l "IMAGE_N_PAT" 0 2 10, +C4<00000000000000000000000001101100>;
P_0x7f8a52910bc0 .param/l "OUT_LENGTH" 0 2 12, +C4<00000000000000000000000101100000>;
P_0x7f8a52910c00 .param/l "t_reset" 0 2 13, +C4<0000000000000000000000000000000000000000000000000000000011001000>;
v0x7f8a529223b0_0 .net "busy", 0 0, v0x7f8a529217d0_0;  1 drivers
v0x7f8a52922440_0 .var "clk", 0 0;
v0x7f8a529224d0_0 .var "cmd", 2 0;
v0x7f8a52922560 .array "cmd_mem", 21 0, 2 0;
v0x7f8a529225f0_0 .var "cmd_valid", 0 0;
v0x7f8a529226c0_0 .var "datain", 7 0;
v0x7f8a52922750_0 .net "dataout", 7 0, v0x7f8a52921d00_0;  1 drivers
v0x7f8a52922800_0 .var/i "err", 31 0;
v0x7f8a52922890_0 .var/i "i", 31 0;
v0x7f8a529229a0 .array "image_mem", 107 0, 7 0;
v0x7f8a52922a40_0 .var/i "j", 31 0;
v0x7f8a52922af0_0 .var/i "out_f", 31 0;
v0x7f8a52922ba0 .array "out_mem", 351 0, 7 0;
v0x7f8a52922c40_0 .var "out_temp", 7 0;
v0x7f8a52922cf0_0 .net "output_valid", 0 0, v0x7f8a529221d0_0;  1 drivers
v0x7f8a52922da0_0 .var "over", 0 0;
v0x7f8a52922e30_0 .var/i "pass", 31 0;
v0x7f8a52922fc0_0 .var "pass_2a", 0 0;
v0x7f8a52923050_0 .var "pass_2b", 0 0;
v0x7f8a529230e0_0 .var/i "pattern_num", 31 0;
v0x7f8a52923190_0 .var "reset", 0 0;
v0x7f8a52923240_0 .var "show1", 0 0;
v0x7f8a529232d0_0 .var "show3", 0 0;
v0x7f8a52923360_0 .var "show4", 0 0;
v0x7f8a529233f0_0 .var "show5", 0 0;
v0x7f8a52923480_0 .var "verify", 4 0;
E_0x7f8a5290cd20 .event posedge, v0x7f8a52922da0_0;
E_0x7f8a5290ce70 .event posedge, v0x7f8a529218b0_0;
E_0x7f8a5290cb50 .event negedge, v0x7f8a529218b0_0;
S_0x7f8a52910d40 .scope module, "top" "LCD_CTRL" 2 35, 3 1 0, S_0x7f8a529109d0;
 .timescale -9 -11;
    .port_info 0 /INPUT 1 "clk";
    .port_info 1 /INPUT 1 "reset";
    .port_info 2 /INPUT 8 "datain";
    .port_info 3 /INPUT 3 "cmd";
    .port_info 4 /INPUT 1 "cmd_valid";
    .port_info 5 /OUTPUT 8 "dataout";
    .port_info 6 /OUTPUT 1 "output_valid";
    .port_info 7 /OUTPUT 1 "busy";
P_0x7f8a52910eb0 .param/l "Load_Data" 0 3 30, C4<000>;
P_0x7f8a52910ef0 .param/l "PROCESS" 0 3 27, C4<1>;
P_0x7f8a52910f30 .param/l "Reflash" 0 3 37, C4<111>;
P_0x7f8a52910f70 .param/l "Shift_Down" 0 3 36, C4<110>;
P_0x7f8a52910fb0 .param/l "Shift_Left" 0 3 34, C4<100>;
P_0x7f8a52910ff0 .param/l "Shift_Right" 0 3 33, C4<011>;
P_0x7f8a52911030 .param/l "Shift_Up" 0 3 35, C4<101>;
P_0x7f8a52911070 .param/l "WAIT_CMD" 0 3 26, C4<0>;
P_0x7f8a529110b0 .param/l "Zoom_fit" 0 3 32, C4<010>;
P_0x7f8a529110f0 .param/l "Zoom_in" 0 3 31, C4<001>;
P_0x7f8a52911130 .param/l "zoom_fit" 0 3 19, C4<0>;
P_0x7f8a52911170 .param/l "zoom_in" 0 3 20, C4<1>;
v0x7f8a52911500_0 .var "L", 3 0;
v0x7f8a529215b0_0 .var "L_t", 3 0;
v0x7f8a52921660_0 .var "W", 3 0;
v0x7f8a52921720_0 .var "W_t", 3 0;
v0x7f8a529217d0_0 .var "busy", 0 0;
v0x7f8a529218b0_0 .net "clk", 0 0, v0x7f8a52922440_0;  1 drivers
v0x7f8a52921950_0 .net "cmd", 2 0, v0x7f8a529224d0_0;  1 drivers
v0x7f8a52921a00_0 .var "cmd_reg", 2 0;
v0x7f8a52921ab0_0 .net "cmd_valid", 0 0, v0x7f8a529225f0_0;  1 drivers
v0x7f8a52921bc0_0 .var "cur_state", 0 0;
v0x7f8a52921c50_0 .net "datain", 7 0, v0x7f8a529226c0_0;  1 drivers
v0x7f8a52921d00_0 .var "dataout", 7 0;
v0x7f8a52921db0 .array "img_buff", 107 0, 7 0;
v0x7f8a52921e50_0 .var "img_counter", 7 0;
v0x7f8a52921f00_0 .var "mode", 0 0;
v0x7f8a52921fa0_0 .var "next_state", 0 0;
v0x7f8a52922040_0 .var "out_pos", 7 0;
v0x7f8a529221d0_0 .var "output_valid", 0 0;
v0x7f8a52922260_0 .net "reset", 0 0, v0x7f8a52923190_0;  1 drivers
E_0x7f8a529113f0 .event posedge, v0x7f8a52922260_0, v0x7f8a529218b0_0;
E_0x7f8a52911430/0 .event edge, v0x7f8a52921f00_0, v0x7f8a52921e50_0, v0x7f8a52911500_0, v0x7f8a52921660_0;
E_0x7f8a52911430/1 .event edge, v0x7f8a52921720_0, v0x7f8a529215b0_0;
E_0x7f8a52911430 .event/or E_0x7f8a52911430/0, E_0x7f8a52911430/1;
E_0x7f8a52911490 .event edge, v0x7f8a52921bc0_0, v0x7f8a52921ab0_0, v0x7f8a52921a00_0, v0x7f8a52921e50_0;
    .scope S_0x7f8a52910d40;
T_0 ;
    %wait E_0x7f8a52911490;
    %load/vec4 v0x7f8a52921bc0_0;
    %dup/vec4;
    %pushi/vec4 0, 0, 1;
    %cmp/u;
    %jmp/1 T_0.0, 6;
    %dup/vec4;
    %pushi/vec4 1, 0, 1;
    %cmp/u;
    %jmp/1 T_0.1, 6;
    %jmp T_0.2;
T_0.0 ;
    %load/vec4 v0x7f8a52921ab0_0;
    %flag_set/vec4 8;
    %jmp/0xz  T_0.3, 8;
    %pushi/vec4 1, 0, 1;
    %store/vec4 v0x7f8a52921fa0_0, 0, 1;
    %jmp T_0.4;
T_0.3 ;
    %pushi/vec4 0, 0, 1;
    %store/vec4 v0x7f8a52921fa0_0, 0, 1;
T_0.4 ;
    %jmp T_0.2;
T_0.1 ;
    %load/vec4 v0x7f8a52921a00_0;
    %pushi/vec4 7, 0, 3;
    %cmp/e;
    %flag_get/vec4 4;
    %load/vec4 v0x7f8a52921e50_0;
    %parti/s 4, 4, 4;
    %pushi/vec4 3, 0, 4;
    %cmp/e;
    %flag_get/vec4 4;
    %and;
    %load/vec4 v0x7f8a52921e50_0;
    %parti/s 4, 0, 2;
    %pushi/vec4 3, 0, 4;
    %cmp/e;
    %flag_get/vec4 4;
    %and;
    %flag_set/vec4 8;
    %jmp/0xz  T_0.5, 8;
    %pushi/vec4 0, 0, 1;
    %store/vec4 v0x7f8a52921fa0_0, 0, 1;
    %jmp T_0.6;
T_0.5 ;
    %pushi/vec4 1, 0, 1;
    %store/vec4 v0x7f8a52921fa0_0, 0, 1;
T_0.6 ;
    %jmp T_0.2;
T_0.2 ;
    %pop/vec4 1;
    %jmp T_0;
    .thread T_0, $push;
    .scope S_0x7f8a52910d40;
T_1 ;
    %wait E_0x7f8a529113f0;
    %load/vec4 v0x7f8a52922260_0;
    %flag_set/vec4 8;
    %jmp/0xz  T_1.0, 8;
    %pushi/vec4 0, 0, 1;
    %assign/vec4 v0x7f8a52921bc0_0, 0;
    %jmp T_1.1;
T_1.0 ;
    %load/vec4 v0x7f8a52921fa0_0;
    %assign/vec4 v0x7f8a52921bc0_0, 0;
T_1.1 ;
    %jmp T_1;
    .thread T_1;
    .scope S_0x7f8a52910d40;
T_2 ;
    %wait E_0x7f8a52911430;
    %load/vec4 v0x7f8a52921f00_0;
    %cmpi/e 0, 0, 1;
    %jmp/0xz  T_2.0, 4;
    %load/vec4 v0x7f8a52921e50_0;
    %parti/s 4, 4, 4;
    %pad/u 8;
    %ix/load 4, 4, 0;
    %flag_set/imm 4, 0;
    %shiftl 4;
    %load/vec4 v0x7f8a52921e50_0;
    %parti/s 4, 4, 4;
    %pad/u 8;
    %ix/load 4, 3, 0;
    %flag_set/imm 4, 0;
    %shiftl 4;
    %add;
    %load/vec4 v0x7f8a52921e50_0;
    %parti/s 4, 0, 2;
    %pad/u 8;
    %ix/load 4, 2, 0;
    %flag_set/imm 4, 0;
    %shiftl 4;
    %load/vec4 v0x7f8a52921e50_0;
    %parti/s 4, 0, 2;
    %pad/u 8;
    %sub;
    %addi 13, 0, 8;
    %add;
    %store/vec4 v0x7f8a52922040_0, 0, 8;
    %jmp T_2.1;
T_2.0 ;
    %load/vec4 v0x7f8a52911500_0;
    %load/vec4 v0x7f8a52921e50_0;
    %parti/s 4, 0, 2;
    %add;
    %subi 2, 0, 4;
    %store/vec4 v0x7f8a529215b0_0, 0, 4;
    %load/vec4 v0x7f8a52921660_0;
    %load/vec4 v0x7f8a52921e50_0;
    %parti/s 4, 4, 4;
    %add;
    %subi 2, 0, 4;
    %store/vec4 v0x7f8a52921720_0, 0, 4;
    %load/vec4 v0x7f8a52921720_0;
    %pad/u 8;
    %ix/load 4, 3, 0;
    %flag_set/imm 4, 0;
    %shiftl 4;
    %load/vec4 v0x7f8a52921720_0;
    %pad/u 8;
    %ix/load 4, 2, 0;
    %flag_set/imm 4, 0;
    %shiftl 4;
    %add;
    %load/vec4 v0x7f8a529215b0_0;
    %pad/u 8;
    %add;
    %store/vec4 v0x7f8a52922040_0, 0, 8;
T_2.1 ;
    %jmp T_2;
    .thread T_2, $push;
    .scope S_0x7f8a52910d40;
T_3 ;
    %wait E_0x7f8a529113f0;
    %load/vec4 v0x7f8a52922260_0;
    %flag_set/vec4 8;
    %jmp/0xz  T_3.0, 8;
    %pushi/vec4 0, 0, 1;
    %assign/vec4 v0x7f8a529217d0_0, 0;
    %pushi/vec4 7, 0, 3;
    %assign/vec4 v0x7f8a52921a00_0, 0;
    %pushi/vec4 6, 0, 4;
    %assign/vec4 v0x7f8a52911500_0, 0;
    %pushi/vec4 5, 0, 4;
    %assign/vec4 v0x7f8a52921660_0, 0;
    %pushi/vec4 0, 0, 8;
    %assign/vec4 v0x7f8a52921d00_0, 0;
    %pushi/vec4 0, 0, 1;
    %assign/vec4 v0x7f8a529221d0_0, 0;
    %pushi/vec4 0, 0, 8;
    %assign/vec4 v0x7f8a52921e50_0, 0;
    %jmp T_3.1;
T_3.0 ;
    %load/vec4 v0x7f8a52921bc0_0;
    %dup/vec4;
    %pushi/vec4 0, 0, 1;
    %cmp/u;
    %jmp/1 T_3.2, 6;
    %dup/vec4;
    %pushi/vec4 1, 0, 1;
    %cmp/u;
    %jmp/1 T_3.3, 6;
    %jmp T_3.4;
T_3.2 ;
    %load/vec4 v0x7f8a52921ab0_0;
    %flag_set/vec4 8;
    %jmp/0xz  T_3.5, 8;
    %load/vec4 v0x7f8a52921950_0;
    %assign/vec4 v0x7f8a52921a00_0, 0;
    %pushi/vec4 1, 0, 1;
    %assign/vec4 v0x7f8a529217d0_0, 0;
T_3.5 ;
    %pushi/vec4 0, 0, 8;
    %assign/vec4 v0x7f8a52921e50_0, 0;
    %pushi/vec4 0, 0, 1;
    %assign/vec4 v0x7f8a529221d0_0, 0;
    %jmp T_3.4;
T_3.3 ;
    %load/vec4 v0x7f8a52921a00_0;
    %dup/vec4;
    %pushi/vec4 7, 0, 3;
    %cmp/u;
    %jmp/1 T_3.7, 6;
    %dup/vec4;
    %pushi/vec4 0, 0, 3;
    %cmp/u;
    %jmp/1 T_3.8, 6;
    %dup/vec4;
    %pushi/vec4 1, 0, 3;
    %cmp/u;
    %jmp/1 T_3.9, 6;
    %dup/vec4;
    %pushi/vec4 2, 0, 3;
    %cmp/u;
    %jmp/1 T_3.10, 6;
    %dup/vec4;
    %pushi/vec4 3, 0, 3;
    %cmp/u;
    %jmp/1 T_3.11, 6;
    %dup/vec4;
    %pushi/vec4 4, 0, 3;
    %cmp/u;
    %jmp/1 T_3.12, 6;
    %dup/vec4;
    %pushi/vec4 5, 0, 3;
    %cmp/u;
    %jmp/1 T_3.13, 6;
    %dup/vec4;
    %pushi/vec4 6, 0, 3;
    %cmp/u;
    %jmp/1 T_3.14, 6;
    %jmp T_3.15;
T_3.7 ;
    %ix/getv 4, v0x7f8a52922040_0;
    %load/vec4a v0x7f8a52921db0, 4;
    %assign/vec4 v0x7f8a52921d00_0, 0;
    %load/vec4 v0x7f8a52921e50_0;
    %parti/s 4, 0, 2;
    %cmpi/e 3, 0, 4;
    %jmp/0xz  T_3.16, 4;
    %pushi/vec4 0, 0, 4;
    %ix/load 4, 0, 0;
    %ix/load 5, 0, 0;
    %flag_set/imm 4, 0;
    %assign/vec4/off/d v0x7f8a52921e50_0, 4, 5;
    %load/vec4 v0x7f8a52921e50_0;
    %parti/s 4, 4, 4;
    %addi 1, 0, 4;
    %ix/load 4, 4, 0;
    %ix/load 5, 0, 0;
    %flag_set/imm 4, 0;
    %assign/vec4/off/d v0x7f8a52921e50_0, 4, 5;
    %jmp T_3.17;
T_3.16 ;
    %load/vec4 v0x7f8a52921e50_0;
    %addi 1, 0, 8;
    %assign/vec4 v0x7f8a52921e50_0, 0;
T_3.17 ;
    %load/vec4 v0x7f8a52921e50_0;
    %parti/s 4, 4, 4;
    %pushi/vec4 3, 0, 4;
    %cmp/e;
    %flag_get/vec4 4;
    %load/vec4 v0x7f8a52921e50_0;
    %parti/s 4, 0, 2;
    %pushi/vec4 3, 0, 4;
    %cmp/e;
    %flag_get/vec4 4;
    %and;
    %flag_set/vec4 8;
    %jmp/0xz  T_3.18, 8;
    %pushi/vec4 0, 0, 1;
    %assign/vec4 v0x7f8a529217d0_0, 0;
T_3.18 ;
    %pushi/vec4 1, 0, 1;
    %assign/vec4 v0x7f8a529221d0_0, 0;
    %jmp T_3.15;
T_3.8 ;
    %load/vec4 v0x7f8a52921e50_0;
    %cmpi/e 107, 0, 8;
    %jmp/0xz  T_3.20, 4;
    %pushi/vec4 7, 0, 3;
    %assign/vec4 v0x7f8a52921a00_0, 0;
    %pushi/vec4 0, 0, 1;
    %assign/vec4 v0x7f8a52921f00_0, 0;
    %pushi/vec4 0, 0, 8;
    %assign/vec4 v0x7f8a52921e50_0, 0;
    %jmp T_3.21;
T_3.20 ;
    %load/vec4 v0x7f8a52921e50_0;
    %addi 1, 0, 8;
    %assign/vec4 v0x7f8a52921e50_0, 0;
T_3.21 ;
    %load/vec4 v0x7f8a52921c50_0;
    %ix/getv 3, v0x7f8a52921e50_0;
    %ix/load 4, 0, 0; Constant delay
    %assign/vec4/a/d v0x7f8a52921db0, 0, 4;
    %jmp T_3.15;
T_3.9 ;
    %load/vec4 v0x7f8a52921f00_0;
    %cmpi/e 0, 0, 1;
    %jmp/0xz  T_3.22, 4;
    %pushi/vec4 1, 0, 1;
    %assign/vec4 v0x7f8a52921f00_0, 0;
    %pushi/vec4 6, 0, 4;
    %assign/vec4 v0x7f8a52911500_0, 0;
    %pushi/vec4 5, 0, 4;
    %assign/vec4 v0x7f8a52921660_0, 0;
T_3.22 ;
    %pushi/vec4 7, 0, 3;
    %assign/vec4 v0x7f8a52921a00_0, 0;
    %jmp T_3.15;
T_3.10 ;
    %load/vec4 v0x7f8a52921f00_0;
    %cmpi/e 1, 0, 1;
    %jmp/0xz  T_3.24, 4;
    %pushi/vec4 0, 0, 1;
    %assign/vec4 v0x7f8a52921f00_0, 0;
T_3.24 ;
    %pushi/vec4 7, 0, 3;
    %assign/vec4 v0x7f8a52921a00_0, 0;
    %jmp T_3.15;
T_3.11 ;
    %load/vec4 v0x7f8a52911500_0;
    %cmpi/u 10, 0, 4;
    %flag_inv 5; GE is !LT
    %jmp/0xz  T_3.26, 5;
    %load/vec4 v0x7f8a52911500_0;
    %assign/vec4 v0x7f8a52911500_0, 0;
    %jmp T_3.27;
T_3.26 ;
    %load/vec4 v0x7f8a52911500_0;
    %addi 1, 0, 4;
    %assign/vec4 v0x7f8a52911500_0, 0;
T_3.27 ;
    %pushi/vec4 7, 0, 3;
    %assign/vec4 v0x7f8a52921a00_0, 0;
    %jmp T_3.15;
T_3.12 ;
    %load/vec4 v0x7f8a52911500_0;
    %cmpi/u 2, 0, 4;
    %flag_or 5, 4;
    %jmp/0xz  T_3.28, 5;
    %load/vec4 v0x7f8a52911500_0;
    %assign/vec4 v0x7f8a52911500_0, 0;
    %jmp T_3.29;
T_3.28 ;
    %load/vec4 v0x7f8a52911500_0;
    %subi 1, 0, 4;
    %assign/vec4 v0x7f8a52911500_0, 0;
T_3.29 ;
    %pushi/vec4 7, 0, 3;
    %assign/vec4 v0x7f8a52921a00_0, 0;
    %jmp T_3.15;
T_3.13 ;
    %load/vec4 v0x7f8a52921660_0;
    %cmpi/u 2, 0, 4;
    %flag_or 5, 4;
    %jmp/0xz  T_3.30, 5;
    %load/vec4 v0x7f8a52921660_0;
    %assign/vec4 v0x7f8a52921660_0, 0;
    %jmp T_3.31;
T_3.30 ;
    %load/vec4 v0x7f8a52921660_0;
    %subi 1, 0, 4;
    %assign/vec4 v0x7f8a52921660_0, 0;
T_3.31 ;
    %pushi/vec4 7, 0, 3;
    %assign/vec4 v0x7f8a52921a00_0, 0;
    %jmp T_3.15;
T_3.14 ;
    %load/vec4 v0x7f8a52921660_0;
    %cmpi/u 7, 0, 4;
    %flag_inv 5; GE is !LT
    %jmp/0xz  T_3.32, 5;
    %load/vec4 v0x7f8a52921660_0;
    %assign/vec4 v0x7f8a52921660_0, 0;
    %jmp T_3.33;
T_3.32 ;
    %load/vec4 v0x7f8a52921660_0;
    %addi 1, 0, 4;
    %assign/vec4 v0x7f8a52921660_0, 0;
T_3.33 ;
    %pushi/vec4 7, 0, 3;
    %assign/vec4 v0x7f8a52921a00_0, 0;
    %jmp T_3.15;
T_3.15 ;
    %pop/vec4 1;
    %jmp T_3.4;
T_3.4 ;
    %pop/vec4 1;
T_3.1 ;
    %jmp T_3;
    .thread T_3;
    .scope S_0x7f8a529109d0;
T_4 ;
    %vpi_call 2 43 "$readmemh", "./image1.dat", v0x7f8a529229a0 {0 0 0};
    %end;
    .thread T_4;
    .scope S_0x7f8a529109d0;
T_5 ;
    %vpi_call 2 44 "$readmemh", "./cmd1.dat", v0x7f8a52922560 {0 0 0};
    %end;
    .thread T_5;
    .scope S_0x7f8a529109d0;
T_6 ;
    %vpi_call 2 45 "$readmemh", "./out_golden1.dat", v0x7f8a52922ba0 {0 0 0};
    %end;
    .thread T_6;
    .scope S_0x7f8a529109d0;
T_7 ;
    %pushi/vec4 0, 0, 1;
    %store/vec4 v0x7f8a52922440_0, 0, 1;
    %pushi/vec4 0, 0, 1;
    %store/vec4 v0x7f8a52923190_0, 0, 1;
    %pushi/vec4 0, 0, 1;
    %store/vec4 v0x7f8a529225f0_0, 0, 1;
    %pushi/vec4 0, 0, 1;
    %store/vec4 v0x7f8a52922da0_0, 0, 1;
    %pushi/vec4 0, 0, 32;
    %store/vec4 v0x7f8a529230e0_0, 0, 32;
    %pushi/vec4 0, 0, 32;
    %store/vec4 v0x7f8a52922800_0, 0, 32;
    %pushi/vec4 0, 0, 32;
    %store/vec4 v0x7f8a52922e30_0, 0, 32;
    %pushi/vec4 1, 0, 1;
    %store/vec4 v0x7f8a52922fc0_0, 0, 1;
    %pushi/vec4 1, 0, 1;
    %store/vec4 v0x7f8a52923050_0, 0, 1;
    %pushi/vec4 1, 0, 1;
    %store/vec4 v0x7f8a52923240_0, 0, 1;
    %pushi/vec4 1, 0, 1;
    %store/vec4 v0x7f8a529232d0_0, 0, 1;
    %pushi/vec4 1, 0, 1;
    %store/vec4 v0x7f8a52923360_0, 0, 1;
    %pushi/vec4 1, 0, 1;
    %store/vec4 v0x7f8a529233f0_0, 0, 1;
    %pushi/vec4 0, 0, 5;
    %store/vec4 v0x7f8a52923480_0, 0, 5;
    %end;
    .thread T_7;
    .scope S_0x7f8a529109d0;
T_8 ;
    %delay 5000, 0;
    %load/vec4 v0x7f8a52922440_0;
    %inv;
    %store/vec4 v0x7f8a52922440_0, 0, 1;
    %jmp T_8;
    .thread T_8;
    .scope S_0x7f8a529109d0;
T_9 ;
    %vpi_func 2 69 "$fopen" 32, "out.dat" {0 0 0};
    %store/vec4 v0x7f8a52922af0_0, 0, 32;
    %load/vec4 v0x7f8a52922af0_0;
    %cmpi/e 0, 0, 32;
    %jmp/0xz  T_9.0, 4;
    %vpi_call 2 71 "$display", "Output file open error !" {0 0 0};
    %vpi_call 2 72 "$finish" {0 0 0};
T_9.0 ;
    %end;
    .thread T_9;
    .scope S_0x7f8a529109d0;
T_10 ;
    %wait E_0x7f8a5290cb50;
    %pushi/vec4 1, 0, 1;
    %store/vec4 v0x7f8a52923190_0, 0, 1;
    %delay 20000, 0;
    %pushi/vec4 0, 0, 1;
    %store/vec4 v0x7f8a52923190_0, 0, 1;
    %wait E_0x7f8a5290cb50;
    %pushi/vec4 0, 0, 32;
    %store/vec4 v0x7f8a52922890_0, 0, 32;
T_10.0 ;
    %load/vec4 v0x7f8a52922890_0;
    %cmpi/s 22, 0, 32;
    %flag_or 5, 4;
    %jmp/0xz T_10.1, 5;
    %load/vec4 v0x7f8a529223b0_0;
    %nor/r;
    %flag_set/vec4 8;
    %jmp/0xz  T_10.2, 8;
    %ix/getv/s 4, v0x7f8a52922890_0;
    %load/vec4a v0x7f8a52922560, 4;
    %store/vec4 v0x7f8a529224d0_0, 0, 3;
    %pushi/vec4 1, 0, 1;
    %store/vec4 v0x7f8a529225f0_0, 0, 1;
    %ix/getv/s 4, v0x7f8a52922890_0;
    %load/vec4a v0x7f8a52922560, 4;
    %pad/u 32;
    %cmpi/e 0, 0, 32;
    %jmp/0xz  T_10.4, 6;
    %pushi/vec4 0, 0, 32;
    %store/vec4 v0x7f8a52922a40_0, 0, 32;
T_10.6 ;
    %load/vec4 v0x7f8a52922a40_0;
    %cmpi/s 108, 0, 32;
    %flag_or 5, 4;
    %jmp/0xz T_10.7, 5;
    %wait E_0x7f8a5290cb50;
    %ix/getv/s 4, v0x7f8a52922a40_0;
    %load/vec4a v0x7f8a529229a0, 4;
    %store/vec4 v0x7f8a529226c0_0, 0, 8;
    %pushi/vec4 0, 7, 3;
    %store/vec4 v0x7f8a529224d0_0, 0, 3;
    %pushi/vec4 0, 0, 1;
    %store/vec4 v0x7f8a529225f0_0, 0, 1;
    %load/vec4 v0x7f8a52922a40_0;
    %addi 1, 0, 32;
    %store/vec4 v0x7f8a52922a40_0, 0, 32;
    %jmp T_10.6;
T_10.7 ;
    %load/vec4 v0x7f8a52922890_0;
    %addi 1, 0, 32;
    %store/vec4 v0x7f8a52922890_0, 0, 32;
    %jmp T_10.5;
T_10.4 ;
    %wait E_0x7f8a5290cb50;
    %pushi/vec4 0, 255, 8;
    %store/vec4 v0x7f8a529226c0_0, 0, 8;
    %pushi/vec4 0, 0, 1;
    %store/vec4 v0x7f8a529225f0_0, 0, 1;
    %load/vec4 v0x7f8a52922890_0;
    %addi 1, 0, 32;
    %store/vec4 v0x7f8a52922890_0, 0, 32;
T_10.5 ;
    %jmp T_10.3;
T_10.2 ;
    %pushi/vec4 0, 255, 8;
    %store/vec4 v0x7f8a529226c0_0, 0, 8;
    %pushi/vec4 0, 7, 3;
    %store/vec4 v0x7f8a529224d0_0, 0, 3;
    %pushi/vec4 0, 0, 1;
    %store/vec4 v0x7f8a529225f0_0, 0, 1;
    %wait E_0x7f8a5290cb50;
T_10.3 ;
    %jmp T_10.0;
T_10.1 ;
    %end;
    .thread T_10;
    .scope S_0x7f8a529109d0;
T_11 ;
    %wait E_0x7f8a5290ce70;
    %ix/getv/s 4, v0x7f8a529230e0_0;
    %load/vec4a v0x7f8a52922ba0, 4;
    %store/vec4 v0x7f8a52922c40_0, 0, 8;
    %load/vec4 v0x7f8a52922cf0_0;
    %flag_set/vec4 8;
    %jmp/0xz  T_11.0, 8;
    %vpi_call 2 108 "$fdisplay", v0x7f8a52922af0_0, "%h", v0x7f8a52922750_0 {0 0 0};
    %load/vec4 v0x7f8a52922750_0;
    %load/vec4 v0x7f8a52922c40_0;
    %cmp/ne;
    %jmp/0xz  T_11.2, 6;
    %vpi_call 2 110 "$display", "ERROR at %d:output %h !=expect %h ", v0x7f8a529230e0_0, v0x7f8a52922750_0, v0x7f8a52922c40_0 {0 0 0};
    %load/vec4 v0x7f8a52922800_0;
    %addi 1, 0, 32;
    %store/vec4 v0x7f8a52922800_0, 0, 32;
    %jmp T_11.3;
T_11.2 ;
    %load/vec4 v0x7f8a52922750_0;
    %load/vec4 v0x7f8a52922c40_0;
    %cmp/e;
    %jmp/0xz  T_11.4, 6;
    %load/vec4 v0x7f8a52922e30_0;
    %addi 1, 0, 32;
    %store/vec4 v0x7f8a52922e30_0, 0, 32;
T_11.4 ;
T_11.3 ;
    %delay 100, 0;
    %load/vec4 v0x7f8a529230e0_0;
    %addi 1, 0, 32;
    %store/vec4 v0x7f8a529230e0_0, 0, 32;
T_11.0 ;
    %load/vec4 v0x7f8a529230e0_0;
    %cmpi/e 352, 0, 32;
    %jmp/0xz  T_11.6, 6;
    %pushi/vec4 1, 0, 1;
    %store/vec4 v0x7f8a52922da0_0, 0, 1;
T_11.6 ;
    %jmp T_11;
    .thread T_11;
    .scope S_0x7f8a529109d0;
T_12 ;
    %wait E_0x7f8a5290cd20;
    %load/vec4 v0x7f8a52922e30_0;
    %cmpi/e 352, 0, 32;
    %jmp/0xz  T_12.0, 6;
    %vpi_call 2 162 "$display", "-----------------------------------------------------\012" {0 0 0};
    %vpi_call 2 163 "$display", "Congratulations! All data have been generated successfully!\012" {0 0 0};
    %vpi_call 2 164 "$display", "-------------------------PASS------------------------\012" {0 0 0};
    %jmp T_12.1;
T_12.0 ;
    %vpi_call 2 167 "$display", "-----------------------------------------------------\012" {0 0 0};
    %vpi_call 2 168 "$display", "There are %d errors!\012", v0x7f8a52922800_0 {0 0 0};
    %vpi_call 2 169 "$display", "-----------------------------------------------------\012" {0 0 0};
T_12.1 ;
    %vpi_call 2 184 "$finish" {0 0 0};
    %end;
    .thread T_12;
# The file index is used to find the file name in the following table.
:file_names 4;
    "N/A";
    "<interactive>";
    "tb.v";
    "./lcd_ctrl.v";
